
Showing logs for build [32mcb-kubecd-environment-pr-209-57-hmmcw-1[0m stage [32mfrom-build-pack[0m and container [32mstep-credential-initializer-fshgq[0m
{"level":"info","ts":1587840400.2356336,"logger":"fallback-logger","caller":"logging/config.go:69","msg":"Fetch GitHub commit ID from kodata failed: open /var/run/ko/refs/heads/0.8.0-ns-support: no such file or directory"}
{"level":"info","ts":1587840400.2587337,"logger":"fallback-logger","caller":"creds-init/main.go:40","msg":"Credentials initialized."}

Showing logs for build [32mcb-kubecd-environment-pr-209-57-hmmcw-1[0m stage [32mfrom-build-pack[0m and container [32mstep-working-dir-initializer-ph9h4[0m
{"level":"info","ts":1587840401.7192712,"logger":"fallback-logger","caller":"logging/config.go:69","msg":"Fetch GitHub commit ID from kodata failed: open /var/run/ko/HEAD: no such file or directory"}
{"level":"info","ts":1587840401.7209501,"logger":"fallback-logger","caller":"bash/main.go:64","msg":"Successfully executed command \"sh -c mkdir -p /workspace/source\"; output "}

Showing logs for build [32mcb-kubecd-environment-pr-209-57-hmmcw-1[0m stage [32mfrom-build-pack[0m and container [32mstep-place-tools[0m

Showing logs for build [32mcb-kubecd-environment-pr-209-57-hmmcw-1[0m stage [32mfrom-build-pack[0m and container [32mstep-git-source-cb-kubecd-environment-pr-209-57-hmmcw-zvk9t[0m
{"level":"info","ts":1587840427.824924,"logger":"fallback-logger","caller":"logging/config.go:69","msg":"Fetch GitHub commit ID from kodata failed: open /var/run/ko/refs/heads/0.8.0-ns-support: no such file or directory"}
{"level":"info","ts":1587840428.9185174,"logger":"fallback-logger","caller":"git/git.go:103","msg":"Successfully cloned https://github.com/cb-kubecd/environment-pr-209-57-boot-gke-production.git @ master in path /workspace/source"}

Showing logs for build [32mcb-kubecd-environment-pr-209-57-hmmcw-1[0m stage [32mfrom-build-pack[0m and container [32mstep-git-merge[0m
Using SHAs from PULL_REFS=master:1e5d3076a8a6dd4319786cc45a0381a19f4bfbea,1:22f0952610f9bfd1c9095ff2bdd65e3e055c5f30
DEBUG: LC_ALL=C JX_LOG_LEVEL=error git fetch origin --unshallow 22f0952610f9bfd1c9095ff2bdd65e3e055c5f30: 1e5d3076a8a6dd4319786cc45a0381a19f4bfbea:
DEBUG: ran git fetch --unshallow origin 22f0952610f9bfd1c9095ff2bdd65e3e055c5f30: 1e5d3076a8a6dd4319786cc45a0381a19f4bfbea: in 
DEBUG: JX_LOG_LEVEL=error LC_ALL=C git branch
DEBUG: LC_ALL=C JX_LOG_LEVEL=error git checkout master
DEBUG: ran git checkout master in 
DEBUG: LC_ALL=C JX_LOG_LEVEL=error git reset --hard 1e5d3076a8a6dd4319786cc45a0381a19f4bfbea
DEBUG: ran git reset --hard 1e5d3076a8a6dd4319786cc45a0381a19f4bfbea in 
DEBUG: LC_ALL=C JX_LOG_LEVEL=error git clean -fd .
DEBUG: ran clean --force -d . in 
DEBUG: LC_ALL=C JX_LOG_LEVEL=error git merge 22f0952610f9bfd1c9095ff2bdd65e3e055c5f30
DEBUG: ran git merge 22f0952610f9bfd1c9095ff2bdd65e3e055c5f30 in 
DEBUG: LC_ALL=C JX_LOG_LEVEL=error git log --format=%H%x1f%an%x1f%ae%x1f%cn%x1f%ce%x1f%s%n%b%x1e 1e5d3076a8a6dd4319786cc45a0381a19f4bfbea..HEAD
Merged SHA 22f0952610f9bfd1c9095ff2bdd65e3e055c5f30 with commit message 'chore: Promote bdd-spring-1587839424 to version 0.0.1' into base branch master

Showing logs for build [32mcb-kubecd-environment-pr-209-57-hmmcw-1[0m stage [32mfrom-build-pack[0m and container [32mstep-build-helm-build[0m
WARNING: No $CHART_REPOSITORY defined so using the default value of: http://jenkins-x-chartmuseum:8080
Adding missing Helm repo: storage.googleapis.com https://storage.googleapis.com/chartmuseum.jenkins-x.io
WARNING: No secrets found on "helm/repos" due: reading the secret "helm/repos" from vault: no secret "helm/repos" not found in vault
Read credentials for https://storage.googleapis.com/chartmuseum.jenkins-x.io from vault helm/repos
Successfully added Helm repository storage.googleapis.com.
Adding missing Helm repo: jenkins-x-chartmuseum http://jenkins-x-chartmuseum:8080
WARNING: No secrets found on "helm/repos" due: reading the secret "helm/repos" from vault: no secret "helm/repos" not found in vault
Read credentials for http://jenkins-x-chartmuseum:8080 from vault helm/repos
Successfully added Helm repository jenkins-x-chartmuseum.
WARNING: No $CHART_REPOSITORY defined so using the default value of: http://jenkins-x-chartmuseum:8080
Adding missing Helm repo: chartmuseum.jenkins-x.io http://chartmuseum.jenkins-x.io
WARNING: No secrets found on "helm/repos" due: reading the secret "helm/repos" from vault: no secret "helm/repos" not found in vault
Read credentials for http://chartmuseum.jenkins-x.io from vault helm/repos
Successfully added Helm repository chartmuseum.jenkins-x.io.
